<?xml version="1.0" encoding="UTF-8"?>
<!-- Generated by org.testng.reporters.JUnitXMLReporter -->
<testsuite ignored="0" hostname="AJSPC" failures="1" tests="3" name="Error validation Test" time="25.726" errors="0" timestamp="2024-08-20T17:42:06 EDT">
  <testcase classname="YaminiBarla.tests.errorValidation" name="ErrormsgCheck" time="5.132">
    <skipped/>
  </testcase> <!-- ErrormsgCheck -->
  <testcase classname="YaminiBarla.tests.errorValidation" name="ErrormsgCheck" time="1.307">
    <skipped/>
  </testcase> <!-- ErrormsgCheck -->
  <testcase classname="YaminiBarla.tests.errorValidation" name="ErrormsgCheck" time="1.393">
    <failure type="java.lang.AssertionError" message="expected [Incorrect email or password.] but found [Incorrect email r password.]">
      <![CDATA[java.lang.AssertionError: expected [Incorrect email or password.] but found [Incorrect email r password.]
at YaminiBarla.tests.errorValidation.ErrormsgCheck(errorValidation.java:19)
at java.base/java.util.ArrayList.forEach(ArrayList.java:1511)
at java.base/java.util.concurrent.FutureTask.run(FutureTask.java:264)
at java.base/java.util.concurrent.ThreadPoolExecutor.runWorker(ThreadPoolExecutor.java:1136)
at java.base/java.util.concurrent.ThreadPoolExecutor$Worker.run(ThreadPoolExecutor.java:635)
at java.base/java.lang.Thread.run(Thread.java:833)
... Removed 23 stack frames]]>
    </failure>
  </testcase> <!-- ErrormsgCheck -->
</testsuite> <!-- Error validation Test -->
